============================================================
  Generated by:           Genus(TM) Synthesis Solution 21.10-p002_1
  Generated on:           Jan 16 2025  08:57:15 am
  Module:                 codificador_pt2262
  Technology library:     fast_vdd1v2 1.0
  Operating conditions:   PVT_1P32V_0C (balanced_tree)
  Wireload mode:          enclosed
  Area mode:              timing library
============================================================

                              
   Gate    Instances   Area       Library    
---------------------------------------------
AND2X1             2    2.736    fast_vdd1v2 
AND2XL             1    1.368    fast_vdd1v2 
AOI211XL           2    4.104    fast_vdd1v2 
AOI21XL            1    1.710    fast_vdd1v2 
AOI221X1           1    2.394    fast_vdd1v2 
AOI222X1           4   12.312    fast_vdd1v2 
AOI22XL            5   10.260    fast_vdd1v2 
AOI2BB1XL          2    4.104    fast_vdd1v2 
DFFRHQX1          14   86.184    fast_vdd1v2 
DFFRX1             4   27.360    fast_vdd1v2 
DFFSHQX1           1    6.498    fast_vdd1v2 
INVX1              5    3.420    fast_vdd1v2 
INVXL              6    4.104    fast_vdd1v2 
MXI2XL             1    2.394    fast_vdd1v2 
NAND2BXL           1    1.368    fast_vdd1v2 
NAND2XL           13   13.338    fast_vdd1v2 
NAND3BXL           2    3.420    fast_vdd1v2 
NAND4XL            1    1.710    fast_vdd1v2 
NOR2BX1            5    6.840    fast_vdd1v2 
NOR2XL            12   12.312    fast_vdd1v2 
NOR3BXL            2    4.104    fast_vdd1v2 
NOR4BBX1           1    2.736    fast_vdd1v2 
NOR4X1             1    1.710    fast_vdd1v2 
OA21X1             2    4.104    fast_vdd1v2 
OA22X1             1    2.394    fast_vdd1v2 
OAI211X1           4    6.840    fast_vdd1v2 
OAI221X1           1    2.394    fast_vdd1v2 
OAI2BB1X1          1    1.710    fast_vdd1v2 
OR2XL              1    1.368    fast_vdd1v2 
OR4X1              1    2.052    fast_vdd1v2 
SDFFRHQX1          2   16.416    fast_vdd1v2 
XNOR2X1            4    9.576    fast_vdd1v2 
---------------------------------------------
total            104  263.340                


                                        
     Type      Instances   Area  Area % 
----------------------------------------
sequential            21 136.458   51.8 
inverter              11   7.524    2.9 
unresolved             1   0.000    0.0 
logic                 72 119.358   45.3 
physical_cells         0   0.000    0.0 
----------------------------------------
total                105 263.340  100.0 

